[0m2021.03.05 11:01:54 INFO  Started: Metals version 0.10.0 in workspace '/Users/hayden/MEGA/revature/projects/three/Job-Posting-Big-Data/wetparsing' for client vscode 1.53.2.[0m
[0m2021.03.05 11:01:55 INFO  time: initialize in 0.54s[0m
[0m2021.03.05 11:01:55 WARN  Build server is not auto-connectable.[0m
[0m2021.03.05 11:01:55 WARN  no build target for: /Users/hayden/MEGA/revature/projects/three/Job-Posting-Big-Data/wetparsing/build.sbt[0m
[0m2021.03.05 11:01:58 INFO  no build target: using presentation compiler with only scala-library: 2.12.13[0m
Mar 05, 2021 11:01:59 AM org.eclipse.lsp4j.jsonrpc.services.GenericEndpoint notify
INFO: Unsupported notification method: $/setTraceNotification
import Dependencies._

ThisBuild / scalaVersion := "2.11.12"
ThisBuild / version := "0.1.0-SNAPSHOT"
ThisBuild / organization := "com.revature"
ThisBuild / organizationName := "revature"

lazy val root = (project in file("."))
  .settings(
    name := "project3",
    libraryDependencies += scalaTest % Test,
    libraryDependencies += "org.apache.spark" %% "spark-sql" % "2.4.7" % "provided",
    // https://mvnrepository.com/artifact/org.apache.httpcomponents/httpclient
    libraryDependencies += "org.apache.httpcomponents" % "httpclient" % "4.5.12",
    libraryDependencies += "commons-io" % "commons-io" % "2.8.0",
    // https://mvnrepository.com/artifact/commons-io/commons-io,
    libraryDependencies += "org.apache.hadoop" % "hadoop-common" % "2.7.7",
    libraryDependencies += "org.apache.hadoop" % "hadoop-client" % "2.7.7",
    libraryDependencies += "org.apache.hadoop" % "hadoop-aws" % "2.7.7"
  )

assemblyMergeStrategy in assembly := {
  case PathList("META-INF", xs @ _*) => MergeStrategy.discard
  case x => MergeStrategy.first
}

// See https://www.scala-sbt.org/1.x/docs/Using-Sonatype.html for instructions on how to publish to Sonatype.

[0m2021.03.05 11:02:01 INFO  time: code lens generation in 5.09s[0m
