+----------------------------+--------------------------+-----------------------+---------------------------------------------------------------------------------------------------------+
|url_host_name               |url_host_registered_domain|url_host_private_domain|url_path                                                                                                 |
+----------------------------+--------------------------+-----------------------+---------------------------------------------------------------------------------------------------------+
|artaker.at                  |artaker.at                |artaker.at             |/unternehmen/jobskarriere/                                                                               |
|artaker.at                  |artaker.at                |artaker.at             |/unternehmen/jobskarriere/sharepointjrconsultant/                                                        |
|www.artboxone.at            |artboxone.at              |artboxone.at           |/informationen/jobs                                                                                      |
|41.41.109.100               |null                      |null                   |/cv/view_vacancy_job.php                                                                                 |
|41.41.109.100               |null                      |null                   |/cv/view_vacancy_job.php                                                                                 |
|artindustrial.at            |artindustrial.at          |artindustrial.at       |/jobs/                                                                                                   |
|103.113.180.101             |null                      |null                   |/TagManager001/template/jobcareer_detail_template001.jsp                                                 |
|artofhair.at                |artofhair.at              |artofhair.at           |/jobs/                                                                                                   |
|34.207.42.102               |null                      |null                   |/tag/auto-paint-job/                                                                                     |
|www.artopolis-raab.at       |artopolis-raab.at         |artopolis-raab.at      |/ueber/jobs/                                                                                             |
|35.194.90.104               |null                      |null                   |/careers/                                                                                                |
|a-danceclub.artra.at        |artra.at                  |artra.at               |/jobs/                                                                                                   |
|35.233.174.106              |null                      |null                   |/index.php/2020/03/12/careers-at-rtc-media/                                                              |
|35.233.174.106              |null                      |null                   |/index.php/category/careers/                                                                             |
|www.arvai-plastics.at       |arvai-plastics.at         |arvai-plastics.at      |/jobs/                                                                                                   |
|www.arvai-plastics.at       |arvai-plastics.at         |arvai-plastics.at      |/jobs/lehreausbildung/                                                                                   |
|www.arvai-plastics.at       |arvai-plastics.at         |arvai-plastics.at      |/jobs/stellenangebote/                                                                                   |
|www.arval.at                |arval.at                  |arval.at               |/de/ueber-arval/jobangebote                                                                              |
|www.arval.at                |arval.at                  |arval.at               |/de/ueber/jobangebote/salesmitarbeiter-international-business                                            |
|www.arval.at                |arval.at                  |arval.at               |/de/ueber/jobangebote/vertriebsmitarbeiter-neukunden-mwd                                                 |
|arzt-krems.at               |arzt-krems.at             |arzt-krems.at          |/jobs                                                                                                    |
|www.arztassistenz.at        |arztassistenz.at          |arztassistenz.at       |/jobs                                                                                                    |
|arztassistenz.at            |arztassistenz.at          |arztassistenz.at       |/jobs                                                                                                    |
|arztjobs.at                 |arztjobs.at               |arztjobs.at            |/fuer-arbeitgeber/post-a-job/                                                                            |
|arztjobs.at                 |arztjobs.at               |arztjobs.at            |/job-alarm-2/                                                                                            |
|arztjobs.at                 |arztjobs.at               |arztjobs.at            |/wp-content/uploads/2019/10/Datenschutzerkl%C3%A4rung-arztjobs-Jobportal-1.pdf                           |
|arztjobs.at                 |arztjobs.at               |arztjobs.at            |/wp-content/uploads/2019/12/Tarife-2020_OAZ_arztjobs.pdf                                                 |
|1.231.115.108               |null                      |null                   |/careers.do                                                                                              |
|www.arztnoe.at              |arztnoe.at                |arztnoe.at             |/jobboerse                                                                                               |
|www.arztnoe.at              |arztnoe.at                |arztnoe.at             |/jobboerse/inserat-aufgeben                                                                              |
|13.235.204.109              |null                      |null                   |/tag/career/                                                                                             |
|www.as-steuerberatung.at    |as-steuerberatung.at      |as-steuerberatung.at   |/content/steuerberater/aktuelles/f%C3%BCr_arbeitnehmer/fr%C3%BChling_2011/steuern_steuerfreies_jobticket/|
|www.asak.at                 |asak.at                   |asak.at                |/unternehmen/jobs/                                                                                       |
|www.asamer.at               |asamer.at                 |asamer.at              |/jobs                                                                                                    |
|www.aschaber-hotels.at      |aschaber-hotels.at        |aschaber-hotels.at     |/de/jobs/offene-stellen.html                                                                             |
|seat.aschauer.at            |aschauer.at               |aschauer.at            |/jobs                                                                                                    |
|seat.aschauer.at            |aschauer.at               |aschauer.at            |/jobs/serviceassistent-in                                                                                |
|www.aschingeralm.at         |aschingeralm.at           |aschingeralm.at        |/gasthaus/team-jobs/                                                                                     |
|karriere.asco-engineering.at|asco-engineering.at       |asco-engineering.at    |/job/view/104/schaltschrankplaner-elektrotechnik-m-w-d                                                   |
|karriere.asco-engineering.at|asco-engineering.at       |asco-engineering.at    |/job/view/106/software-techniker-msr-m-w-d                                                               |
|karriere.asco-engineering.at|asco-engineering.at       |asco-engineering.at    |/job/view/107/projekttechniker-projektleiter-msr-m-w                                                     |
|karriere.asco-engineering.at|asco-engineering.at       |asco-engineering.at    |/job/view/111/software-entwickler-c-m-w-d                                                                |
|karriere.asco-engineering.at|asco-engineering.at       |asco-engineering.at    |/job/view/272/sps-programmierer-inbetriebnehmer-m-w                                                      |
|karriere.asco-engineering.at|asco-engineering.at       |asco-engineering.at    |/job/view/287/junior-projektmanager-steuerungstechnik-m-w                                                |
|karriere.asco-engineering.at|asco-engineering.at       |asco-engineering.at    |/job/view/33/htl-absolvent-m-w-d                                                                         |
|karriere.asco-engineering.at|asco-engineering.at       |asco-engineering.at    |/job/view/555/programm-manager-m-w-d                                                                     |
|karriere.asco-engineering.at|asco-engineering.at       |asco-engineering.at    |/job/view/582/perfekter-karriereeinstieg-tu-fh-absolvent-m-w-d                                           |
|karriere.asco-engineering.at|asco-engineering.at       |asco-engineering.at    |/job/view/653/it-mitarbeiter-fuer-systemadministration-m-w-d                                             |
|karriere.asco-engineering.at|asco-engineering.at       |asco-engineering.at    |/job/view/665/system-engineer-e-e-im-automotiven-umfeld-m-w-d                                            |
|karriere.asco-engineering.at|asco-engineering.at       |asco-engineering.at    |/job/view/666/elektronic-engineer-automotive-m-w-d                                                       |
|karriere.asco-engineering.at|asco-engineering.at       |asco-engineering.at    |/job/view/676/berechnungsingenieur-m-w-d                                                                 |
|karriere.asco-engineering.at|asco-engineering.at       |asco-engineering.at    |/job/view/683/java-entwickler-m-w-d                                                                      |
|karriere.asco-engineering.at|asco-engineering.at       |asco-engineering.at    |/job/view/686/system-development-engineer-m-w-d                                                          |
|karriere.asco-engineering.at|asco-engineering.at       |asco-engineering.at    |/job/view/686/system-engineer-m-w-d                                                                      |
|karriere.asco-engineering.at|asco-engineering.at       |asco-engineering.at    |/job/view/727/quality-expert-engineering-m-w-d                                                           |
|karriere.asco-engineering.at|asco-engineering.at       |asco-engineering.at    |/job/view/735/sam-softwareentwickler-m-w-d                                                               |
|karriere.asco-engineering.at|asco-engineering.at       |asco-engineering.at    |/job/view/736/customer-application-engineer-for-iot-f-m-d                                                |
|karriere.asco-engineering.at|asco-engineering.at       |asco-engineering.at    |/job/view/742/product-manager-m-w-d                                                                      |
|karriere.asco-engineering.at|asco-engineering.at       |asco-engineering.at    |/job/view/749/cfd-berechnungsingenieur-versuchstechniker-thermal-management-m-w-d                        |
|karriere.asco-engineering.at|asco-engineering.at       |asco-engineering.at    |/job/view/750/entwicklungsingenieur-fuer-produktdefinition-und-benchmarking-m-w-d                        |
|karriere.asco-engineering.at|asco-engineering.at       |asco-engineering.at    |/job/view/751/engineer-fuer-gesamtfahrzeugfunktionen-m-w-d                                               |
|karriere.asco-engineering.at|asco-engineering.at       |asco-engineering.at    |/job/view/752/integrationsexperte-alternative-mobilitaet-m-w-d                                           |
|karriere.asco-engineering.at|asco-engineering.at       |asco-engineering.at    |/job/view/753/berechnungsingenieur-versuchstechniker-thermal-management-m-w-d                            |
|karriere.asco-engineering.at|asco-engineering.at       |asco-engineering.at    |/job/view/754/product-engineer-part-time-25h-f-m-d                                                       |
|karriere.asco-engineering.at|asco-engineering.at       |asco-engineering.at    |/job/view/755/validation-engineer-gesamtfahrzeug-m-w-d                                                   |
|karriere.asco-engineering.at|asco-engineering.at       |asco-engineering.at    |/job/view/756/it-systemengineer-m-w-d                                                                    |
|karriere.asco-engineering.at|asco-engineering.at       |asco-engineering.at    |/job/view/758/mitarbeiter-zoll-m-w-d                                                                     |
|karriere.asco-engineering.at|asco-engineering.at       |asco-engineering.at    |/job/view/762/testingenieur-batterie-m-w-d                                                               |
|karriere.asco-engineering.at|asco-engineering.at       |asco-engineering.at    |/job/view/763/junior-sap-spezialist-befristet-auf-1-jahr-mit-option-auf-verlaengerung-m-w-d              |
|karriere.asco-engineering.at|asco-engineering.at       |asco-engineering.at    |/job/view/768/junior-software-entwickler-m-w-d                                                           |
|karriere.asco-engineering.at|asco-engineering.at       |asco-engineering.at    |/job/view/769/projekteinkaeufer-m-w-d                                                                    |
|karriere.asco-engineering.at|asco-engineering.at       |asco-engineering.at    |/job/view/770/cost-coordinator-m-w-d                                                                     |
|karriere.asco-engineering.at|asco-engineering.at       |asco-engineering.at    |/job/view/772/testingenieur-fuer-elektrische-antriebsysteme-m-w-d                                        |
|karriere.asco-engineering.at|asco-engineering.at       |asco-engineering.at    |/job/view/773/mitarbeiter-toleranzmanagement-m-w-d                                                       |
|karriere.asco-engineering.at|asco-engineering.at       |asco-engineering.at    |/job/view/780/montage-und-prozessplaner-m-w-d                                                            |
|karriere.asco-engineering.at|asco-engineering.at       |asco-engineering.at    |/job/view/783/it-mitarbeiter-fuer-systemadministration-m-w-d                                             |
|karriere.asco-engineering.at|asco-engineering.at       |asco-engineering.at    |/job/view/784/junior-softwareentwickler-schwerpunkt-oracle-m-w-d                                         |
|karriere.asco-engineering.at|asco-engineering.at       |asco-engineering.at    |/job/view/785/it-system-engineer-m-w-d                                                                   |
|karriere.asco-engineering.at|asco-engineering.at       |asco-engineering.at    |/job/view/787/safety-engineer-m-w-d-entwicklung                                                          |
|karriere.asco-engineering.at|asco-engineering.at       |asco-engineering.at    |/job/view/789/entwicklungsingenieur-akustik-m-w-d                                                        |
|karriere.asco-engineering.at|asco-engineering.at       |asco-engineering.at    |/job/view/790/automatisierungstechniker-hochvolt-batterie-pruefanlagen-m-w-d                             |
|karriere.asco-engineering.at|asco-engineering.at       |asco-engineering.at    |/job/view/793/werkstudent-elektrotechnik-elektronik-mechatronik-im-bereich-automotive-m-w-d              |
|karriere.asco-engineering.at|asco-engineering.at       |asco-engineering.at    |/job/view/795/mitarbeiter-fuer-die-elektronikentwicklung-m-w-d                                           |
|karriere.asco-engineering.at|asco-engineering.at       |asco-engineering.at    |/job/view/800/spezialist-fuer-funktionsorientierte-entwicklung-und-funktionale-sicherheit-m-w-d          |
|karriere.asco-engineering.at|asco-engineering.at       |asco-engineering.at    |/job/view/801/funktionssoftwareentwickler-matlab-simulink-m-w-d                                          |
|karriere.asco-engineering.at|asco-engineering.at       |asco-engineering.at    |/job/view/802/einkaeufer-m-w-d                                                                           |
|karriere.asco-engineering.at|asco-engineering.at       |asco-engineering.at    |/job/view/803/qualitaetssicherung-im-bereich-hardware-m-w-d                                              |
|karriere.asco-engineering.at|asco-engineering.at       |asco-engineering.at    |/job/view/804/repair-administrator-f-m-d                                                                 |
|karriere.asco-engineering.at|asco-engineering.at       |asco-engineering.at    |/job/view/806/manager-vertrieb-m-w-d                                                                     |
|karriere.asco-engineering.at|asco-engineering.at       |asco-engineering.at    |/job/view/807/application-support-engineer-software-solutions-m-w-d                                      |
|karriere.asco-engineering.at|asco-engineering.at       |asco-engineering.at    |/job/view/808/engineer-fuer-datenanalyse-und-auswertungen-m-w-d                                          |
|karriere.asco-engineering.at|asco-engineering.at       |asco-engineering.at    |/job/view/809/htl-absolvent-m-w-d                                                                        |
|karriere.asco-engineering.at|asco-engineering.at       |asco-engineering.at    |/job/view/81/frontend-entwickler-m-w                                                                     |
|karriere.asco-engineering.at|asco-engineering.at       |asco-engineering.at    |/job/view/810/perfekter-karriereeinstieg-tu-fh-absolvent-m-w-d                                           |
|karriere.asco-engineering.at|asco-engineering.at       |asco-engineering.at    |/job/view/811/selbstaendiger-vertriebspartner-im-bereich-der-technischen-personaldienstleistung-m-w-d    |
|karriere.asco-engineering.at|asco-engineering.at       |asco-engineering.at    |/job/view/812/projektmanager-im-bereich-elektro-und-hybridfahrzeuge-m-w-d                                |
|karriere.asco-engineering.at|asco-engineering.at       |asco-engineering.at    |/job/view/814/leadcontrolling-im-bereich-operations-m-w-d                                                |
|karriere.asco-engineering.at|asco-engineering.at       |asco-engineering.at    |/job/view/818/typbegleiter-aufbau-m-w-d                                                                  |
|karriere.asco-engineering.at|asco-engineering.at       |asco-engineering.at    |/job/view/819/system-engineer-fuer-fahrzeug-hv-systeme-m-w-d                                             |
|karriere.asco-engineering.at|asco-engineering.at       |asco-engineering.at    |/job/view/822/projectmanager-embedded-systems-automotive-m-f-d                                           |
|karriere.asco-engineering.at|asco-engineering.at       |asco-engineering.at    |/job/view/826/mitarbeiter-im-bereich-mitteleinsatz-controlling-m-w-d                                     |
|karriere.asco-engineering.at|asco-engineering.at       |asco-engineering.at    |/job/view/827/versuchsingenieur-chassis-powertrain-m-w-d                                                 |
|karriere.asco-engineering.at|asco-engineering.at       |asco-engineering.at    |/job/view/828/konzeptingenieur-maschinenbau-m-w-d                                                        |
|karriere.asco-engineering.at|asco-engineering.at       |asco-engineering.at    |/job/view/837/modulleiter-antriebsstrang-m-w-d                                                           |
|karriere.asco-engineering.at|asco-engineering.at       |asco-engineering.at    |/job/view/839/support-mitarbeiter-produktions-it-m-w-d                                                   |
|karriere.asco-engineering.at|asco-engineering.at       |asco-engineering.at    |/job/view/842/basissoftwareentwickler-fuer-elektrische-antriebssysteme-m-w-d                             |
|karriere.asco-engineering.at|asco-engineering.at       |asco-engineering.at    |/job/view/843/aenderungsmanager-m-w-d                                                                    |
|karriere.asco-engineering.at|asco-engineering.at       |asco-engineering.at    |/job/view/844/industrial-engineer-npi-m-w-d                                                              |
|karriere.asco-engineering.at|asco-engineering.at       |asco-engineering.at    |/job/view/846/supplier-quality-engineer-im-bereich-elektrik-elektronik-und-mechatronik-m-w-d             |
|karriere.asco-engineering.at|asco-engineering.at       |asco-engineering.at    |/job/view/847/entwicklungsingenieur-elektrischer-antriebsstrang-hardware-m-w-d                           |
|karriere.asco-engineering.at|asco-engineering.at       |asco-engineering.at    |/job/view/848/entwicklungsingenieur-hv-ladesystem-m-w-d                                                  |
|karriere.asco-engineering.at|asco-engineering.at       |asco-engineering.at    |/job/view/849/versuchsingenieur-betriebsfestigkeitsdauerlauf-m-w-d                                       |
|karriere.asco-engineering.at|asco-engineering.at       |asco-engineering.at    |/job/view/850/hkls-konstrukteur-m-w-d                                                                    |
|karriere.asco-engineering.at|asco-engineering.at       |asco-engineering.at    |/job/view/852/projektingenieur-infotainment-m-w-d                                                        |
|karriere.asco-engineering.at|asco-engineering.at       |asco-engineering.at    |/job/view/853/projektmanager-fuer-den-bereich-rohbau-m-w-d                                               |
|karriere.asco-engineering.at|asco-engineering.at       |asco-engineering.at    |/job/view/854/cost-engineer-automotive-m-f-d                                                             |
|karriere.asco-engineering.at|asco-engineering.at       |asco-engineering.at    |/job/view/855/werkstudent-im-accounting-tz20-h-woche-m-w-d                                               |
|karriere.asco-engineering.at|asco-engineering.at       |asco-engineering.at    |/job/view/856/entwicklungsingenieur-fahrzeugsicherheit-m-w-d                                             |
|karriere.asco-engineering.at|asco-engineering.at       |asco-engineering.at    |/job/view/857/project-engineer-interieur-kunststoffkomponenten-m-w-d                                     |
|karriere.asco-engineering.at|asco-engineering.at       |asco-engineering.at    |/job/view/860/entwicklungsingenieur-fuer-massenmanagement-m-w-d                                          |
|karriere.asco-engineering.at|asco-engineering.at       |asco-engineering.at    |/job/view/861/project-management-coordinator-m-f-d                                                       |
|karriere.asco-engineering.at|asco-engineering.at       |asco-engineering.at    |/job/view/865/konstrukteur-im-bereich-automotive-m-w-d                                                   |
|karriere.asco-engineering.at|asco-engineering.at       |asco-engineering.at    |/job/view/866/system-test-engineer-automotive-m-f-d                                                      |
|karriere.asco-engineering.at|asco-engineering.at       |asco-engineering.at    |/job/view/867/htl-elektrotechniker-m-w-d                                                                 |
|karriere.asco-engineering.at|asco-engineering.at       |asco-engineering.at    |/job/view/868/engineer-chassis-funktionale-entwicklung-und-adas-m-w-d                                    |
|karriere.asco-engineering.at|asco-engineering.at       |asco-engineering.at    |/job/view/869/technologischer-prozessentwickler-fuege-verbindungstechnik-m-w-d                           |
|karriere.asco-engineering.at|asco-engineering.at       |asco-engineering.at    |/job/view/870/entwicklungsingenieur-anbauteile-m-w-d                                                     |
|karriere.asco-engineering.at|asco-engineering.at       |asco-engineering.at    |/job/view/871/entwicklungsingenieur-anbauteile-m-w-d                                                     |
|karriere.asco-engineering.at|asco-engineering.at       |asco-engineering.at    |/job/view/872/teamleader-instandhaltung-m-w-d                                                            |
|karriere.asco-engineering.at|asco-engineering.at       |asco-engineering.at    |/job/view/873/typbegleiter-triebstrang-ottomotoren-m-w-d                                                 |
|karriere.asco-engineering.at|asco-engineering.at       |asco-engineering.at    |/job/view/875/senior-system-engineer-fuer-alternative-antriebssysteme-m-w-d                              |
|karriere.asco-engineering.at|asco-engineering.at       |asco-engineering.at    |/job/view/876/senior-engineer-fuer-integration-von-brennstoffzellensystemen-m-w-d                        |
|karriere.asco-engineering.at|asco-engineering.at       |asco-engineering.at    |/job/view/877/junior-engineer-fuer-integration-von-brennstoffzellensystemen-m-w-d                        |
|karriere.asco-engineering.at|asco-engineering.at       |asco-engineering.at    |/job/view/878/entwicklungsingenieur-fuer-wasserstoffspeicher-systeme-m-w-d                               |
|karriere.asco-engineering.at|asco-engineering.at       |asco-engineering.at    |/job/view/879/junior-software-entwickler-frontend-m-w-d                                                  |
|karriere.asco-engineering.at|asco-engineering.at       |asco-engineering.at    |/job/view/880/konstrukteur-anlagenbau-m-w-d                                                              |
|karriere.asco-engineering.at|asco-engineering.at       |asco-engineering.at    |/job/view/882/strategischer-einkaeufer-m-w-d                                                             |
|karriere.asco-engineering.at|asco-engineering.at       |asco-engineering.at    |/job/view/884/junior-berechnungsingenieur-im-bereich-elektrotechnik-m-w-d                                |
|karriere.asco-engineering.at|asco-engineering.at       |asco-engineering.at    |/job/view/885/technologischer-prozessentwickler-fuege-verbindungstechnik-schweissen-m-w-d                |
|karriere.asco-engineering.at|asco-engineering.at       |asco-engineering.at    |/job/view/886/design-engineer-aerospace-m-f-d                                                            |
|karriere.asco-engineering.at|asco-engineering.at       |asco-engineering.at    |/job/view/887/analyse-engineer-m-f-d                                                                     |
|karriere.asco-engineering.at|asco-engineering.at       |asco-engineering.at    |/job/view/888/development-engineer-for-hydrogen-storage-systems-m-f-d                                    |
|karriere.asco-engineering.at|asco-engineering.at       |asco-engineering.at    |/job/view/889/engineer-aerospace-m-f-d                                                                   |
|karriere.asco-engineering.at|asco-engineering.at       |asco-engineering.at    |/job/view/890/engineer-chassis-m-f-d                                                                     |
|karriere.asco-engineering.at|asco-engineering.at       |asco-engineering.at    |/job/view/891/entwicklungsingenieur-hardware-testing-m-w-d                                               |
|karriere.asco-engineering.at|asco-engineering.at       |asco-engineering.at    |/job/view/892/entwicklungsingenieur-software-testing-m-w-d                                               |
|karriere.asco-engineering.at|asco-engineering.at       |asco-engineering.at    |/job/view/893/teamleiter-im-bereich-hardwareentwicklung-m-w-d                                            |
|karriere.asco-engineering.at|asco-engineering.at       |asco-engineering.at    |/job/view/894/e-commerce-und-online-shop-experte-m-w-d                                                   |
|karriere.asco-engineering.at|asco-engineering.at       |asco-engineering.at    |/job/view/895/produktionsplaner-m-w-d                                                                    |
|karriere.asco-engineering.at|asco-engineering.at       |asco-engineering.at    |/job/view/896/buyer-electric-m-w-d                                                                       |
|karriere.asco-engineering.at|asco-engineering.at       |asco-engineering.at    |/job/view/897/production-engineer-fuer-den-bereich-elektronikfertigung-m-w-d                             |
|karriere.asco-engineering.at|asco-engineering.at       |asco-engineering.at    |/job/view/898/compliance-experte-im-engineering-m-w-d                                                    |
|karriere.asco-engineering.at|asco-engineering.at       |asco-engineering.at    |/job/view/899/softwareentwickler-gebaeudeautomatisation-m-w                                              |
|karriere.asco-engineering.at|asco-engineering.at       |asco-engineering.at    |/job/view/900/servicetechniker-maschinenbau-m-w-d                                                        |
|karriere.asco-engineering.at|asco-engineering.at       |asco-engineering.at    |/job/view/901/strategischer-einkaeufer-im-automotivbereich-m-w-d                                         |
|karriere.asco-engineering.at|asco-engineering.at       |asco-engineering.at    |/job/view/902/system-engineer-im-elektronikbereich-m-w-d                                                 |
|karriere.asco-engineering.at|asco-engineering.at       |asco-engineering.at    |/job/view/903/key-account-manager-im-finanzbereich-m-w-d                                                 |
|karriere.asco-engineering.at|asco-engineering.at       |asco-engineering.at    |/job/view/904/zfp-prueftechniker-aerospace-m-w-d                                                         |
|karriere.asco-engineering.at|asco-engineering.at       |asco-engineering.at    |/job/view/905/qualitaetstechniker-aerospace-m-w-d                                                        |
|karriere.asco-engineering.at|asco-engineering.at       |asco-engineering.at    |/job/view/906/data-analyze-and-reporting-engineer-f-m-d                                                  |
|karriere.asco-engineering.at|asco-engineering.at       |asco-engineering.at    |/job/view/907/entwicklungsingenieur-gesamtfahrzeug-m-w-d                                                 |
|karriere.asco-engineering.at|asco-engineering.at       |asco-engineering.at    |/job/view/908/testkoordinator-m-w-d                                                                      |
|karriere.asco-engineering.at|asco-engineering.at       |asco-engineering.at    |/job/view/909/safety-and-reliability-engineer-aerospace-m-f-d                                            |
|karriere.asco-engineering.at|asco-engineering.at       |asco-engineering.at    |/job/view/910/manager-process-engineering-im-automotivbereich-m-w-d                                      |
|karriere.asco-engineering.at|asco-engineering.at       |asco-engineering.at    |/job/view/911/projektingenieur-fahrwerkselektronik-fahrerassistenzsysteme-m-w-d                          |
|karriere.asco-engineering.at|asco-engineering.at       |asco-engineering.at    |/job/view/912/lead-software-developer-w-interest-in-blockchain-m-f-d                                     |
|karriere.asco-engineering.at|asco-engineering.at       |asco-engineering.at    |/job/view/913/junior-cost-engineer-automotive-m-w-d                                                      |
|karriere.asco-engineering.at|asco-engineering.at       |asco-engineering.at    |/job/view/914/basic-software-development-engineer-m-f-d                                                  |
|karriere.asco-engineering.at|asco-engineering.at       |asco-engineering.at    |/job/view/915/cost-engineer-fokus-auf-elektronikteile-m-w-d                                              |
|karriere.asco-engineering.at|asco-engineering.at       |asco-engineering.at    |/job/view/916/project-manager-software-m-w-d                                                             |
|karriere.asco-engineering.at|asco-engineering.at       |asco-engineering.at    |/job/view/917/senior-software-developer-c-m-w-d                                                          |
|karriere.asco-engineering.at|asco-engineering.at       |asco-engineering.at    |/job/view/918/projektmanager-it-kundenprojekte-m-w-d                                                     |
|karriere.asco-engineering.at|asco-engineering.at       |asco-engineering.at    |/job/view/919/schaltschrankplaner-elektrotechnik-m-w-d                                                   |
|www.ascopharm.at            |ascopharm.at              |ascopharm.at           |/jobs/                                                                                                   |
|www.asen-erdbau.at          |asen-erdbau.at            |asen-erdbau.at         |/jobs/                                                                                                   |
|www.asia-bazar.at           |asia-bazar.at             |asia-bazar.at          |/2-kontakt-inserat/641-internet-job-wir-suchen.html                                                      |
|www.asiaescort.at           |asiaescort.at             |asiaescort.at          |/%E5%B7%A5%E4%BD%9C-jobsv/                                                                               |
|www.asiaspa.at              |asiaspa.at                |asiaspa.at             |/kontakt-infos/jobs/                                                                                     |
|www.askoe-kaernten.at       |askoe-kaernten.at         |askoe-kaernten.at      |/de/aktuelles-service/jobboerse                                                                          |
|5.196.252.119               |null                      |null                   |/profile/66-jobster/                                                                                     |
|www.aso6.at                 |aso6.at                   |aso6.at                |/das-sind-wir/kooperationen/jobcoaching/                                                                 |
|www.asp-security.at         |asp-security.at           |asp-security.at        |/job_detail.php                                                                                          |
|www.asp-security.at         |asp-security.at           |asp-security.at        |/job_detail.php                                                                                          |
|www.asp-security.at         |asp-security.at           |asp-security.at        |/job_detail.php                                                                                          |
|www.asp-security.at         |asp-security.at           |asp-security.at        |/job_detail.php                                                                                          |
|75.103.78.12                |null                      |null                   |/about/careers-at-meritus/                                                                               |
|www.assaabloyentrance.at    |assaabloyentrance.at      |assaabloyentrance.at   |/AAES/AT/about-us/career/documents/2019/2019%20Servicetechniker%20PDS%20Tirol.pdf                        |
|www.assaabloyentrance.at    |assaabloyentrance.at      |assaabloyentrance.at   |/AAES/AT/about-us/career/documents/2019/20190813%20Annonce%20Servicetechniker_Tore_Salzburg.pdf          |
|www.assaabloyentrance.at    |assaabloyentrance.at      |assaabloyentrance.at   |/AAES/AT/about-us/career/documents/2019/20190813%20Annonce%20Servicetechniker_Tore_Tirol.pdf             |
|www.assaabloyentrance.at    |assaabloyentrance.at      |assaabloyentrance.at   |/AAES/AT/about-us/career/documents/2019/20190813%20Inserat%20Servicetechniker%20O%C3%96.pdf              |
|www.assaabloyentrance.at    |assaabloyentrance.at      |assaabloyentrance.at   |/AAES/AT/about-us/career/documents/2019/20190813%20Servicetechniker%20PDS%20Salzburg.pdf                 |
|www.assaabloyentrance.at    |assaabloyentrance.at      |assaabloyentrance.at   |/AAES/AT/about-us/career/documents/2019/20200114%20Servicetechniker%20PDS%20Wien.pdf                     |
|www.asscr.at                |asscr.at                  |asscr.at               |/jobs                                                                                                    |
|www.asscr.at                |asscr.at                  |asscr.at               |/kopie-von-jobs                                                                                          |
|www.asset-networks.at       |asset-networks.at         |asset-networks.at      |/index.php/referenzjobs                                                                                  |
|www.assistenz24.at          |assistenz24.at            |assistenz24.at         |/jobs/                                                                                                   |
|www.assistenz24.at          |assistenz24.at            |assistenz24.at         |/project/jobs/                                                                                           |
|158.69.24.124               |null                      |null                   |/~toquedejoia/blog/2015/10/06/the-right-tools-for-the-job/                                               |
|www.astoria.at              |astoria.at                |astoria.at             |/presse/jobticket-fuer-dienstnehmer/                                                                     |
|www.astrade.at              |astrade.at                |astrade.at             |/%C3%BCber-uns/jobs-und-karriere/                                                                        |
+----------------------------+--------------------------+-----------------------+---------------------------------------------------------------------------------------------------------+
only showing top 200 rows

